TN:
SF:src\router.ts
FN:32,(anonymous_0)
FN:47,(anonymous_1)
FNF:2
FNH:2
FNDA:4,(anonymous_0)
FNDA:5,(anonymous_1)
DA:1,2
DA:2,2
DA:10,2
DA:11,2
DA:13,2
DA:15,2
DA:17,2
DA:24,2
DA:32,4
DA:38,2
DA:47,5
DA:56,2
DA:64,2
DA:71,2
LF:14
LH:14
BRF:0
BRH:0
end_of_record
TN:
SF:src\server.ts
FN:6,connectDB
FN:26,(anonymous_2)
FNF:2
FNH:2
FNDA:3,connectDB
FNDA:1,(anonymous_2)
DA:1,2
DA:2,2
DA:3,2
DA:4,2
DA:6,2
DA:7,3
DA:8,3
DA:9,2
DA:14,1
DA:18,2
DA:20,2
DA:22,2
DA:24,2
DA:26,2
DA:27,1
DA:30,2
LF:16
LH:16
BRF:0
BRH:0
end_of_record
TN:
SF:src\config\db.ts
FNF:0
FNH:0
DA:1,2
DA:2,2
DA:4,2
DA:6,2
DA:11,2
LF:5
LH:5
BRF:0
BRH:0
end_of_record
TN:
SF:src\handlers\product.ts
FN:4,(anonymous_1)
FN:16,(anonymous_2)
FN:36,(anonymous_3)
FN:45,(anonymous_4)
FN:66,(anonymous_5)
FN:80,(anonymous_6)
FNF:6
FNH:6
FNDA:2,(anonymous_1)
FNDA:2,(anonymous_2)
FNDA:1,(anonymous_3)
FNDA:2,(anonymous_4)
FNDA:2,(anonymous_5)
FNDA:2,(anonymous_6)
DA:2,2
DA:4,2
DA:5,2
DA:6,2
DA:10,2
DA:12,0
DA:16,2
DA:20,2
DA:21,2
DA:22,2
DA:24,2
DA:25,1
DA:26,1
DA:29,1
DA:31,0
DA:32,0
DA:36,2
DA:37,1
DA:38,1
DA:39,1
DA:41,0
DA:45,2
DA:46,2
DA:47,2
DA:48,2
DA:49,1
DA:50,1
DA:53,1
DA:54,1
DA:55,1
DA:66,2
DA:67,2
DA:68,2
DA:69,2
DA:70,1
DA:71,1
DA:74,1
DA:75,1
DA:77,1
DA:80,2
DA:81,2
DA:82,2
DA:84,2
DA:85,1
DA:86,1
DA:89,1
DA:90,1
LF:47
LH:43
BRDA:24,0,0,1
BRDA:48,1,0,1
BRDA:69,2,0,1
BRDA:84,3,0,1
BRF:4
BRH:4
end_of_record
TN:
SF:src\middleware\index.ts
FN:4,(anonymous_0)
FNF:1
FNH:1
FNDA:18,(anonymous_0)
DA:1,2
DA:4,2
DA:9,18
DA:10,18
DA:11,9
DA:12,9
DA:14,9
LF:7
LH:7
BRDA:10,0,0,9
BRF:1
BRH:1
end_of_record
TN:
SF:src\models\Product.model.ts
FNF:0
FNH:0
DA:2,3
DA:7,3
DA:11,3
DA:16,3
DA:22,3
DA:24,3
LF:6
LH:6
BRF:0
BRH:0
end_of_record
